[0m21:43:24.700689 [debug] [MainThread]: Sending event: {'category': 'dbt', 'action': 'invocation', 'label': 'start', 'context': [<snowplow_tracker.self_describing_json.SelfDescribingJson object at 0x00000234F9DC3380>, <snowplow_tracker.self_describing_json.SelfDescribingJson object at 0x00000234F6B26C10>, <snowplow_tracker.self_describing_json.SelfDescribingJson object at 0x00000234FC2ABED0>]}


============================== 21:43:24.723295 | bce1588c-dc83-4910-8db3-454ced7d7a65 ==============================
[0m21:43:24.723295 [info ] [MainThread]: Running with dbt=1.11.11
[0m21:43:24.724052 [debug] [MainThread]: running dbt with arguments {'static_parser': 'True', 'no_print': 'None', 'version_check': 'True', 'warn_error_options': 'WarnErrorOptionsV2(error=[], warn=[], silence=[])', 'target_path': 'None', 'printer_width': '80', 'write_json': 'True', 'empty': 'None', 'log_cache_events': 'False', 'introspect': 'True', 'cache_selected_only': 'False', 'fail_fast': 'False', 'debug': 'False', 'log_format': 'default', 'partial_parse': 'True', 'send_anonymous_usage_stats': 'True', 'quiet': 'False', 'warn_error': 'None', 'profiles_dir': 'C:\\Users\\nkosi\\.dbt', 'invocation_command': 'dbt init dbt_project', 'use_colors': 'True', 'indirect_selection': 'eager', 'use_experimental_parser': 'False', 'log_path': 'logs'}
[0m21:43:24.750921 [info ] [MainThread]: Creating dbt configuration folder at C:\Users\nkosi\.dbt
[0m21:43:24.753542 [debug] [MainThread]: Starter project path: C:\Users\nkosi\OneDrive\Desktop\WF\Projetcs\eskom-grid-observability\venv\Lib\site-packages\dbt\include\starter_project
[0m21:43:24.790065 [info ] [MainThread]: 
Your new dbt project "dbt_project" was created!

For more information on how to configure the profiles.yml file,
please consult the dbt documentation here:

  https://docs.getdbt.com/docs/configure-your-profile

One more thing:

Need help? Don't hesitate to reach out to us via GitHub issues or on Slack:

  https://community.getdbt.com/

Happy modeling!

[0m21:43:24.791197 [info ] [MainThread]: Setting up your profile.
[0m21:43:41.585561 [info ] [MainThread]: Profile dbt_project written to C:\Users\nkosi\.dbt\profiles.yml using target's sample configuration. Once updated, you'll be able to start developing with dbt.
[0m21:43:41.586669 [debug] [MainThread]: Command `dbt init` succeeded at 21:43:41.586522 after 17.17 seconds
[0m21:43:41.587004 [debug] [MainThread]: Sending event: {'category': 'dbt', 'action': 'invocation', 'label': 'end', 'context': [<snowplow_tracker.self_describing_json.SelfDescribingJson object at 0x00000234FC293490>, <snowplow_tracker.self_describing_json.SelfDescribingJson object at 0x00000234FC38FD10>, <snowplow_tracker.self_describing_json.SelfDescribingJson object at 0x00000234FC3F47C0>]}
[0m21:43:41.587330 [debug] [MainThread]: Flushing usage events
[0m21:43:50.784394 [debug] [MainThread]: An error was encountered while trying to flush usage events
